<?xml version="1.0" encoding="UTF-8"?>
<!-- Generated by org.testng.reporters.JUnitReportReporter -->
<testsuite skipped="0" hostname="BDC11-L-7194T1T" name="com.test.NewTest1" tests="1" failures="0" timestamp="2020-07-13T11:50:08 IST" time="0.015" errors="0">
  <testcase name="f" time="0.015" classname="com.test.NewTest1"/>
</testsuite> <!-- com.test.NewTest1 -->
