<?xml version="1.0" encoding="UTF-8"?>
<!-- Generated by org.testng.reporters.JUnitReportReporter -->
<testsuite skipped="0" hostname="BDC11-L-7194T1T" name="POM.POM2" tests="1" failures="0" timestamp="2020-07-15T11:50:16 IST" time="62.622" errors="0">
  <testcase name="f" time="62.622" classname="POM.POM2"/>
</testsuite> <!-- POM.POM2 -->
