<?xml version="1.0" encoding="UTF-8"?>
<!-- Generated by org.testng.reporters.JUnitReportReporter -->
<testsuite skipped="0" hostname="BDC11-L-7194T1T" name="com.test.Robot_demo1" tests="1" failures="0" timestamp="2020-07-14T13:18:59 IST" time="28.289" errors="0">
  <testcase name="f" time="28.289" classname="com.test.Robot_demo1"/>
</testsuite> <!-- com.test.Robot_demo1 -->
