<?xml version="1.0" encoding="UTF-8"?>
<!-- Generated by org.testng.reporters.JUnitReportReporter -->
<testsuite skipped="0" hostname="BDC11-L-7194T1T" name="POM.POM1" tests="1" failures="0" timestamp="2020-07-15T10:56:18 IST" time="29.512" errors="0">
  <testcase name="f" time="29.512" classname="POM.POM1"/>
</testsuite> <!-- POM.POM1 -->
