<?xml version="1.0" encoding="UTF-8"?>
<!-- Generated by org.testng.reporters.JUnitReportReporter -->
<testsuite skipped="0" hostname="BDC11-L-7194T1T" name="com.test.DragandDrop" tests="1" failures="0" timestamp="2020-07-14T12:38:04 IST" time="31.723" errors="0">
  <testcase name="f" time="31.723" classname="com.test.DragandDrop"/>
</testsuite> <!-- com.test.DragandDrop -->
